c:\vs2019 sfml\mill\mill\debug\vc142.pdb
c:\vs2019 sfml\mill\mill\debug\vc142.idb
c:\vs2019 sfml\mill\mill\debug\statemachine.obj
c:\vs2019 sfml\mill\mill\debug\splashstate.obj
c:\vs2019 sfml\mill\mill\debug\player.obj
c:\vs2019 sfml\mill\mill\debug\pausestate.obj
c:\vs2019 sfml\mill\mill\debug\mainmenustate.obj
c:\vs2019 sfml\mill\mill\debug\main.obj
c:\vs2019 sfml\mill\mill\debug\inputmanager.obj
c:\vs2019 sfml\mill\mill\debug\gamestate.obj
c:\vs2019 sfml\mill\mill\debug\gameoverstate.obj
c:\vs2019 sfml\mill\mill\debug\game.obj
c:\vs2019 sfml\mill\mill\debug\assetmanager.obj
c:\vs2019 sfml\mill\debug\mill.exe
c:\vs2019 sfml\mill\debug\mill.ilk
c:\vs2019 sfml\mill\debug\mill.pdb
c:\vs2019 sfml\mill\mill\debug\mill.tlog\cl.command.1.tlog
c:\vs2019 sfml\mill\mill\debug\mill.tlog\cl.read.1.tlog
c:\vs2019 sfml\mill\mill\debug\mill.tlog\cl.write.1.tlog
c:\vs2019 sfml\mill\mill\debug\mill.tlog\link.command.1.tlog
c:\vs2019 sfml\mill\mill\debug\mill.tlog\link.read.1.tlog
c:\vs2019 sfml\mill\mill\debug\mill.tlog\link.write.1.tlog
