c:\vs2019 sfml\mill\mill\release\vc142.pdb
c:\vs2019 sfml\mill\mill\release\statemachine.obj
c:\vs2019 sfml\mill\mill\release\splashstate.obj
c:\vs2019 sfml\mill\mill\release\player.obj
c:\vs2019 sfml\mill\mill\release\pausestate.obj
c:\vs2019 sfml\mill\mill\release\mainmenustate.obj
c:\vs2019 sfml\mill\mill\release\main.obj
c:\vs2019 sfml\mill\mill\release\inputmanager.obj
c:\vs2019 sfml\mill\mill\release\gamestate.obj
c:\vs2019 sfml\mill\mill\release\gameoverstate.obj
c:\vs2019 sfml\mill\mill\release\game.obj
c:\vs2019 sfml\mill\mill\release\assetmanager.obj
c:\vs2019 sfml\mill\release\mill.exe
c:\vs2019 sfml\mill\release\mill.pdb
c:\vs2019 sfml\mill\release\mill.ipdb
c:\vs2019 sfml\mill\release\mill.iobj
c:\vs2019 sfml\mill\mill\release\mill.tlog\cl.command.1.tlog
c:\vs2019 sfml\mill\mill\release\mill.tlog\cl.read.1.tlog
c:\vs2019 sfml\mill\mill\release\mill.tlog\cl.write.1.tlog
c:\vs2019 sfml\mill\mill\release\mill.tlog\link.command.1.tlog
c:\vs2019 sfml\mill\mill\release\mill.tlog\link.read.1.tlog
c:\vs2019 sfml\mill\mill\release\mill.tlog\link.write.1.tlog
c:\vs2019 sfml\mill\mill\release\mill.tlog\mill.write.1u.tlog
