  AssetManager.cpp
  Game.cpp
  GameOverState.cpp
  GameState.cpp
  InputManager.cpp
C:\VS2019 SFML\Mill\Mill\GameState.cpp(41,39): warning C4305:  'argument': truncation from 'double' to 'float'
C:\VS2019 SFML\Mill\Mill\InputManager.cpp(9,29): warning C4244:  'argument': conversion from 'T' to 'T', possible loss of data
C:\VS2019 SFML\Mill\Mill\InputManager.cpp(9,29): warning C4244:         with
C:\VS2019 SFML\Mill\Mill\InputManager.cpp(9,29): warning C4244:         [
C:\VS2019 SFML\Mill\Mill\InputManager.cpp(9,29): warning C4244:             T=float
C:\VS2019 SFML\Mill\Mill\InputManager.cpp(9,29): warning C4244:         ]
C:\VS2019 SFML\Mill\Mill\InputManager.cpp(9,29): warning C4244:         and
C:\VS2019 SFML\Mill\Mill\InputManager.cpp(9,29): warning C4244:         [
C:\VS2019 SFML\Mill\Mill\InputManager.cpp(9,29): warning C4244:             T=int
C:\VS2019 SFML\Mill\Mill\InputManager.cpp(9,29): warning C4244:         ]
C:\VS2019 SFML\Mill\Mill\InputManager.cpp(8,29): warning C4244:  'argument': conversion from 'T' to 'T', possible loss of data
C:\VS2019 SFML\Mill\Mill\InputManager.cpp(8,29): warning C4244:         with
C:\VS2019 SFML\Mill\Mill\InputManager.cpp(8,29): warning C4244:         [
C:\VS2019 SFML\Mill\Mill\InputManager.cpp(8,29): warning C4244:             T=float
C:\VS2019 SFML\Mill\Mill\InputManager.cpp(8,29): warning C4244:         ]
C:\VS2019 SFML\Mill\Mill\InputManager.cpp(8,29): warning C4244:         and
C:\VS2019 SFML\Mill\Mill\InputManager.cpp(8,29): warning C4244:         [
C:\VS2019 SFML\Mill\Mill\InputManager.cpp(8,29): warning C4244:             T=int
C:\VS2019 SFML\Mill\Mill\InputManager.cpp(8,29): warning C4244:         ]
C:\VS2019 SFML\Mill\Mill\InputManager.cpp(7,25): warning C4244:  'argument': conversion from 'const T' to 'T', possible loss of data
C:\VS2019 SFML\Mill\Mill\InputManager.cpp(7,25): warning C4244:         with
C:\VS2019 SFML\Mill\Mill\InputManager.cpp(7,25): warning C4244:         [
C:\VS2019 SFML\Mill\Mill\InputManager.cpp(7,25): warning C4244:             T=float
C:\VS2019 SFML\Mill\Mill\InputManager.cpp(7,25): warning C4244:         ]
C:\VS2019 SFML\Mill\Mill\InputManager.cpp(7,25): warning C4244:         and
C:\VS2019 SFML\Mill\Mill\InputManager.cpp(7,25): warning C4244:         [
C:\VS2019 SFML\Mill\Mill\InputManager.cpp(7,25): warning C4244:             T=int
C:\VS2019 SFML\Mill\Mill\InputManager.cpp(7,25): warning C4244:         ]
  main.cpp
  MainMenuState.cpp
C:\VS2019 SFML\Mill\Mill\InputManager.cpp(6,45): warning C4244:  'argument': conversion from 'const T' to 'T', possible loss of data
C:\VS2019 SFML\Mill\Mill\InputManager.cpp(6,45): warning C4244:         with
C:\VS2019 SFML\Mill\Mill\InputManager.cpp(6,45): warning C4244:         [
C:\VS2019 SFML\Mill\Mill\InputManager.cpp(6,45): warning C4244:             T=float
C:\VS2019 SFML\Mill\Mill\InputManager.cpp(6,45): warning C4244:         ]
C:\VS2019 SFML\Mill\Mill\InputManager.cpp(6,45): warning C4244:         and
C:\VS2019 SFML\Mill\Mill\InputManager.cpp(6,45): warning C4244:         [
C:\VS2019 SFML\Mill\Mill\InputManager.cpp(6,45): warning C4244:             T=int
C:\VS2019 SFML\Mill\Mill\InputManager.cpp(6,45): warning C4244:         ]
  PauseState.cpp
  Player.cpp
C:\VS2019 SFML\Mill\Mill\MainMenuState.cpp(29,42): warning C4244:  'argument': conversion from 'double' to 'float', possible loss of data
C:\VS2019 SFML\Mill\Mill\Player.cpp(33,24): warning C4244:  'argument': conversion from 'int' to 'float', possible loss of data
C:\VS2019 SFML\Mill\Mill\Player.cpp(32,41): warning C4244:  'argument': conversion from 'int' to 'float', possible loss of data
C:\VS2019 SFML\Mill\Mill\Player.cpp(50,24): warning C4244:  'argument': conversion from 'int' to 'float', possible loss of data
C:\VS2019 SFML\Mill\Mill\Player.cpp(49,42): warning C4244:  'argument': conversion from 'int' to 'float', possible loss of data
C:\VS2019 SFML\Mill\Mill\Player.cpp(76,24): warning C4244:  'argument': conversion from 'int' to 'float', possible loss of data
C:\VS2019 SFML\Mill\Mill\Player.cpp(75,57): warning C4244:  'argument': conversion from 'int' to 'float', possible loss of data
C:\VS2019 SFML\Mill\Mill\Player.cpp(93,24): warning C4244:  'argument': conversion from 'int' to 'float', possible loss of data
  SplashState.cpp
  StateMachine.cpp
C:\VS2019 SFML\Mill\Mill\Player.cpp(92,42): warning C4244:  'argument': conversion from 'int' to 'float', possible loss of data
  Generating code
  Previous IPDB not found, fall back to full compilation.
  All 403 functions were compiled because no usable IPDB/IOBJ from previous compilation was found.
  Finished generating code
  Mill.vcxproj -> C:\VS2019 SFML\Mill\Release\Mill.exe
